<?xml version="1.0" encoding="UTF-8"?>
<testng-results ignored="0" total="2" passed="2" failed="0" skipped="0">
  <reporter-output>
  </reporter-output>
  <suite started-at="2025-11-09T16:49:19 IST" name="Suite" finished-at="2025-11-09T16:49:36 IST" duration-ms="17225">
    <groups>
      <group name="Master">
        <method signature="TC001_AccountRegTest.verify_account_reg()[pri:0, instance:testCases.TC001_AccountRegTest@609e8838]" name="verify_account_reg" class="testCases.TC001_AccountRegTest"/>
        <method signature="TC002_LoginTest.verifylogintest()[pri:0, instance:testCases.TC002_LoginTest@19932c16]" name="verifylogintest" class="testCases.TC002_LoginTest"/>
      </group> <!-- Master -->
      <group name="Sanity">
        <method signature="TC002_LoginTest.verifylogintest()[pri:0, instance:testCases.TC002_LoginTest@19932c16]" name="verifylogintest" class="testCases.TC002_LoginTest"/>
      </group> <!-- Sanity -->
      <group name="Regression">
        <method signature="TC001_AccountRegTest.verify_account_reg()[pri:0, instance:testCases.TC001_AccountRegTest@609e8838]" name="verify_account_reg" class="testCases.TC001_AccountRegTest"/>
      </group> <!-- Regression -->
    </groups>
    <test started-at="2025-11-09T16:49:19 IST" name="Test" finished-at="2025-11-09T16:49:36 IST" duration-ms="17225">
      <class name="testCases.TC002_LoginTest">
        <test-method is-config="true" signature="setup(java.lang.String,java.lang.String)[pri:0, instance:testCases.TC002_LoginTest@19932c16]" started-at="2025-11-09T16:49:28 IST" name="setup" finished-at="2025-11-09T16:49:32 IST" duration-ms="3134" status="PASS">
          <params>
            <param index="0">
              <value>
                <![CDATA[Windows]]>
              </value>
            </param>
            <param index="1">
              <value>
                <![CDATA[edge]]>
              </value>
            </param>
          </params>
          <reporter-output>
          </reporter-output>
        </test-method> <!-- setup -->
        <test-method signature="verifylogintest()[pri:0, instance:testCases.TC002_LoginTest@19932c16]" started-at="2025-11-09T16:49:32 IST" name="verifylogintest" finished-at="2025-11-09T16:49:33 IST" duration-ms="1694" status="PASS">
          <reporter-output>
          </reporter-output>
        </test-method> <!-- verifylogintest -->
        <test-method is-config="true" signature="teardown()[pri:0, instance:testCases.TC002_LoginTest@19932c16]" started-at="2025-11-09T16:49:33 IST" name="teardown" finished-at="2025-11-09T16:49:36 IST" duration-ms="2646" status="PASS">
          <reporter-output>
          </reporter-output>
        </test-method> <!-- teardown -->
      </class> <!-- testCases.TC002_LoginTest -->
      <class name="testCases.TC001_AccountRegTest">
        <test-method is-config="true" signature="setup(java.lang.String,java.lang.String)[pri:0, instance:testCases.TC001_AccountRegTest@609e8838]" started-at="2025-11-09T16:49:19 IST" name="setup" finished-at="2025-11-09T16:49:24 IST" duration-ms="4662" status="PASS">
          <params>
            <param index="0">
              <value>
                <![CDATA[Windows]]>
              </value>
            </param>
            <param index="1">
              <value>
                <![CDATA[edge]]>
              </value>
            </param>
          </params>
          <reporter-output>
          </reporter-output>
        </test-method> <!-- setup -->
        <test-method signature="verify_account_reg()[pri:0, instance:testCases.TC001_AccountRegTest@609e8838]" started-at="2025-11-09T16:49:24 IST" name="verify_account_reg" finished-at="2025-11-09T16:49:26 IST" duration-ms="2159" status="PASS">
          <reporter-output>
          </reporter-output>
        </test-method> <!-- verify_account_reg -->
        <test-method is-config="true" signature="teardown()[pri:0, instance:testCases.TC001_AccountRegTest@609e8838]" started-at="2025-11-09T16:49:26 IST" name="teardown" finished-at="2025-11-09T16:49:28 IST" duration-ms="2623" status="PASS">
          <reporter-output>
          </reporter-output>
        </test-method> <!-- teardown -->
      </class> <!-- testCases.TC001_AccountRegTest -->
    </test> <!-- Test -->
  </suite> <!-- Suite -->
</testng-results>
